app/build/intermediates/manifest_merge_blame_file/release/processReleaseMainManifest/manifest-merger-blame-release-report.txt
1<?xml version="1.0" encoding="utf-8"?>
2<manifest xmlns:android="http://schemas.android.com/apk/res/android"
3    package="org.tvp.kirikiri2"
4    android:versionCode="70"
5    android:versionName="1.4.1.avn" >
6
7    <uses-sdk
8        android:minSdkVersion="21"
9        android:targetSdkVersion="35" />
10
11    <uses-feature
11-->src\main\AndroidManifest.xml:5:5-7:36
12        android:glEsVersion="0x30000"
12-->src\main\AndroidManifest.xml:6:9-38
13        android:required="false" />
13-->src\main\AndroidManifest.xml:7:9-33
14
15    <uses-permission android:name="android.permission.READ_EXTERNAL_STORAGE" />
15-->src\main\AndroidManifest.xml:12:5-80
15-->src\main\AndroidManifest.xml:12:22-77
16    <uses-permission android:name="android.permission.WRITE_EXTERNAL_STORAGE" />
16-->src\main\AndroidManifest.xml:13:5-81
16-->src\main\AndroidManifest.xml:13:22-78
17    <uses-permission android:name="android.permission.MANAGE_EXTERNAL_STORAGE" />
17-->src\main\AndroidManifest.xml:14:5-82
17-->src\main\AndroidManifest.xml:14:22-79
18    <uses-permission android:name="android.permission.INTERNET" />
18-->src\main\AndroidManifest.xml:15:5-67
18-->src\main\AndroidManifest.xml:15:22-64
19
20    <application
20-->src\main\AndroidManifest.xml:17:5-59:19
21        android:allowBackup="true"
21-->src\main\AndroidManifest.xml:24:9-35
22        android:appComponentFactory="android.support.v4.app.CoreComponentFactory"
22-->[com.android.support:support-compat:28.0.0] AndroidManifest.xml:22:18-91
23        android:extractNativeLibs="true"
23-->src\main\AndroidManifest.xml:22:9-41
24        android:icon="@drawable/ic_launcher"
24-->src\main\AndroidManifest.xml:19:9-45
25        android:label="@string/app_name"
25-->src\main\AndroidManifest.xml:18:9-41
26        android:requestLegacyExternalStorage="true"
26-->src\main\AndroidManifest.xml:21:9-52
27        android:resizeableActivity="true"
27-->src\main\AndroidManifest.xml:20:9-42
28        android:usesCleartextTraffic="true" >
28-->src\main\AndroidManifest.xml:23:9-44
29        <meta-data
29-->src\main\AndroidManifest.xml:27:9-29:36
30            android:name="android.app.lib_name"
30-->src\main\AndroidManifest.xml:28:13-48
31            android:value="game" />
31-->src\main\AndroidManifest.xml:29:13-33
32
33        <activity
33-->src\main\AndroidManifest.xml:31:9-42:20
34            android:name="org.tvp.kirikiri2.permissioncheck"
34-->src\main\AndroidManifest.xml:32:13-44
35            android:configChanges="screenSize|orientation|keyboardHidden"
35-->src\main\AndroidManifest.xml:36:13-74
36            android:exported="true"
36-->src\main\AndroidManifest.xml:37:13-36
37            android:label="@string/app_name"
37-->src\main\AndroidManifest.xml:34:13-45
38            android:launchMode="singleTask"
38-->src\main\AndroidManifest.xml:35:13-44
39            android:theme="@android:style/Theme.NoTitleBar.Fullscreen" >
39-->src\main\AndroidManifest.xml:33:13-71
40            <intent-filter>
40-->src\main\AndroidManifest.xml:38:13-41:29
41                <action android:name="android.intent.action.MAIN" />
41-->src\main\AndroidManifest.xml:39:17-69
41-->src\main\AndroidManifest.xml:39:25-66
42
43                <category android:name="android.intent.category.LAUNCHER" />
43-->src\main\AndroidManifest.xml:40:17-77
43-->src\main\AndroidManifest.xml:40:27-74
44            </intent-filter>
45        </activity>
46        <activity
46-->src\main\AndroidManifest.xml:44:9-57:20
47            android:name="org.tvp.kirikiri2.Kirikiroid2"
47-->src\main\AndroidManifest.xml:45:13-40
48            android:configChanges="screenSize|orientation|keyboardHidden"
48-->src\main\AndroidManifest.xml:49:13-74
49            android:exported="true"
49-->src\main\AndroidManifest.xml:52:13-36
50            android:hardwareAccelerated="true"
50-->src\main\AndroidManifest.xml:51:13-47
51            android:label="@string/app_name"
51-->src\main\AndroidManifest.xml:47:13-45
52            android:screenOrientation="sensorLandscape"
52-->src\main\AndroidManifest.xml:48:13-56
53            android:theme="@android:style/Theme.NoTitleBar.Fullscreen"
53-->src\main\AndroidManifest.xml:46:13-71
54            android:windowSoftInputMode="adjustPan" >
54-->src\main\AndroidManifest.xml:50:13-52
55            <intent-filter>
55-->src\main\AndroidManifest.xml:53:13-56:29
56                <action android:name="android.intent.action.VIEW" />
56-->src\main\AndroidManifest.xml:54:17-69
56-->src\main\AndroidManifest.xml:54:25-66
57
58                <category android:name="android.intent.category.DEFAULT" />
58-->src\main\AndroidManifest.xml:55:17-76
58-->src\main\AndroidManifest.xml:55:27-73
59            </intent-filter>
60        </activity>
61    </application>
62
63</manifest>